app/build/intermediates/manifest_merge_blame_file/debug/manifest-merger-blame-debug-report.txt
1<?xml version="1.0" encoding="utf-8"?>
2<manifest xmlns:android="http://schemas.android.com/apk/res/android"
3    package="nl.knoppel.cios.android.textfilewidget"
4    android:versionCode="3"
5    android:versionName="2.0" >
6
7    <uses-sdk
8        android:minSdkVersion="21"
8-->src\main\AndroidManifest.xml
9        android:targetSdkVersion="26" />
9-->src\main\AndroidManifest.xml
10
11    <uses-permission android:name="android.permission.VIBRATE" />
11-->src\main\AndroidManifest.xml:6:5-83
11-->src\main\AndroidManifest.xml:6:22-63
12    <uses-permission android:name="android.permission.READ_EXTERNAL_STORAGE" />
12-->src\main\AndroidManifest.xml:7:5-97
12-->src\main\AndroidManifest.xml:7:22-77
13
14    <application
14-->src\main\AndroidManifest.xml:9:5-41:19
15        android:allowBackup="true"
15-->src\main\AndroidManifest.xml:12:9-35
16        android:debuggable="true"
17        android:icon="@drawable/icon"
17-->src\main\AndroidManifest.xml:10:9-38
18        android:label="@string/app_name" >
18-->src\main\AndroidManifest.xml:11:9-41
19        <receiver android:name="nl.knoppel.cios.android.textfilewidget.TextwidgetProvider" >
19-->src\main\AndroidManifest.xml:14:9-23:20
19-->src\main\AndroidManifest.xml:14:19-91
20            <intent-filter>
20-->src\main\AndroidManifest.xml:15:13-18:29
21                <action android:name="android.appwidget.action.APPWIDGET_UPDATE" >
21-->src\main\AndroidManifest.xml:16:17-17:26
21-->src\main\AndroidManifest.xml:16:25-81
22                </action>
23            </intent-filter>
24
25            <meta-data
25-->src\main\AndroidManifest.xml:20:13-22:63
26                android:name="android.appwidget.provider"
26-->src\main\AndroidManifest.xml:21:17-58
27                android:resource="@xml/textfilewidget_info" />
27-->src\main\AndroidManifest.xml:22:17-60
28        </receiver>
29
30        <service
30-->src\main\AndroidManifest.xml:25:9-29:19
31            android:name="nl.knoppel.cios.android.textfilewidget.TextwidgetProviderUpdateService"
31-->src\main\AndroidManifest.xml:26:13-98
32            android:exported="false"
32-->src\main\AndroidManifest.xml:27:13-37
33            android:permission="android.permission.BIND_REMOTEVIEWS" >
33-->src\main\AndroidManifest.xml:28:13-69
34        </service>
35
36        <activity android:name="nl.knoppel.cios.android.textfilewidget.TextwidgetSettingsActivity" >
36-->src\main\AndroidManifest.xml:31:9-32:20
36-->src\main\AndroidManifest.xml:31:19-60
37        </activity>
38        <activity
38-->src\main\AndroidManifest.xml:34:9-40:20
39            android:name="com.lamerman.FileDialog"
39-->src\main\AndroidManifest.xml:35:13-51
40            android:label="@string/app_name" >
40-->src\main\AndroidManifest.xml:36:13-45
41            <intent-filter>
41-->src\main\AndroidManifest.xml:37:13-39:29
42                <category android:name="android.intent.category.LAUNCHER" />
42-->src\main\AndroidManifest.xml:38:17-77
42-->src\main\AndroidManifest.xml:38:27-74
43            </intent-filter>
44        </activity>
45    </application>
46
47</manifest>